<?xml version="1.0" encoding="UTF-8"?>
<testsuite xmlns:xsi="http://www.w3.org/2001/XMLSchema-instance" xsi:noNamespaceSchemaLocation="https://maven.apache.org/surefire/maven-surefire-plugin/xsd/surefire-test-report.xsd" name="com.sugelamei.MicroserviceConsumerMovieFeignHystrixTurbineMqApplicationTests" time="0.033" tests="3" errors="3" skipped="0" failures="0">
  <properties>
    <property name="sun.desktop" value="windows"/>
    <property name="awt.toolkit" value="sun.awt.windows.WToolkit"/>
    <property name="file.encoding.pkg" value="sun.io"/>
    <property name="java.specification.version" value="1.8"/>
    <property name="sun.cpu.isalist" value="amd64"/>
    <property name="sun.jnu.encoding" value="GBK"/>
    <property name="java.class.path" value="D:\Code\spring-cloud-microservice\microservice-consumer-movie-feign-hystrix-turbine-mq\target\test-classes;D:\Code\spring-cloud-microservice\microservice-consumer-movie-feign-hystrix-turbine-mq\target\classes;D:\MavenRepo\org\springframework\boot\spring-boot-starter-amqp\2.1.10.RELEASE\spring-boot-starter-amqp-2.1.10.RELEASE.jar;D:\MavenRepo\org\springframework\boot\spring-boot-starter\2.1.10.RELEASE\spring-boot-starter-2.1.10.RELEASE.jar;D:\MavenRepo\org\springframework\boot\spring-boot\2.1.10.RELEASE\spring-boot-2.1.10.RELEASE.jar;D:\MavenRepo\org\springframework\boot\spring-boot-autoconfigure\2.1.10.RELEASE\spring-boot-autoconfigure-2.1.10.RELEASE.jar;D:\MavenRepo\org\springframework\boot\spring-boot-starter-logging\2.1.10.RELEASE\spring-boot-starter-logging-2.1.10.RELEASE.jar;D:\MavenRepo\ch\qos\logback\logback-classic\1.2.3\logback-classic-1.2.3.jar;D:\MavenRepo\ch\qos\logback\logback-core\1.2.3\logback-core-1.2.3.jar;D:\MavenRepo\org\apache\logging\log4j\log4j-to-slf4j\2.11.2\log4j-to-slf4j-2.11.2.jar;D:\MavenRepo\org\apache\logging\log4j\log4j-api\2.11.2\log4j-api-2.11.2.jar;D:\MavenRepo\org\slf4j\jul-to-slf4j\1.7.29\jul-to-slf4j-1.7.29.jar;D:\MavenRepo\javax\annotation\javax.annotation-api\1.3.2\javax.annotation-api-1.3.2.jar;D:\MavenRepo\org\yaml\snakeyaml\1.23\snakeyaml-1.23.jar;D:\MavenRepo\org\springframework\spring-messaging\5.1.11.RELEASE\spring-messaging-5.1.11.RELEASE.jar;D:\MavenRepo\org\springframework\spring-beans\5.1.11.RELEASE\spring-beans-5.1.11.RELEASE.jar;D:\MavenRepo\org\springframework\amqp\spring-rabbit\2.1.12.RELEASE\spring-rabbit-2.1.12.RELEASE.jar;D:\MavenRepo\com\rabbitmq\amqp-client\5.4.3\amqp-client-5.4.3.jar;D:\MavenRepo\org\springframework\amqp\spring-amqp\2.1.12.RELEASE\spring-amqp-2.1.12.RELEASE.jar;D:\MavenRepo\org\springframework\spring-context\5.1.11.RELEASE\spring-context-5.1.11.RELEASE.jar;D:\MavenRepo\org\springframework\spring-expression\5.1.11.RELEASE\spring-expression-5.1.11.RELEASE.jar;D:\MavenRepo\org\springframework\spring-tx\5.1.11.RELEASE\spring-tx-5.1.11.RELEASE.jar;D:\MavenRepo\org\springframework\cloud\spring-cloud-starter-netflix-turbine-stream\2.1.3.RELEASE\spring-cloud-starter-netflix-turbine-stream-2.1.3.RELEASE.jar;D:\MavenRepo\org\springframework\cloud\spring-cloud-starter-netflix-eureka-client\2.1.3.RELEASE\spring-cloud-starter-netflix-eureka-client-2.1.3.RELEASE.jar;D:\MavenRepo\org\springframework\cloud\spring-cloud-starter\2.1.3.RELEASE\spring-cloud-starter-2.1.3.RELEASE.jar;D:\MavenRepo\org\springframework\cloud\spring-cloud-context\2.1.3.RELEASE\spring-cloud-context-2.1.3.RELEASE.jar;D:\MavenRepo\org\springframework\security\spring-security-rsa\1.0.7.RELEASE\spring-security-rsa-1.0.7.RELEASE.jar;D:\MavenRepo\org\bouncycastle\bcpkix-jdk15on\1.60\bcpkix-jdk15on-1.60.jar;D:\MavenRepo\org\bouncycastle\bcprov-jdk15on\1.60\bcprov-jdk15on-1.60.jar;D:\MavenRepo\org\springframework\cloud\spring-cloud-netflix-hystrix\2.1.3.RELEASE\spring-cloud-netflix-hystrix-2.1.3.RELEASE.jar;D:\MavenRepo\org\springframework\boot\spring-boot-starter-aop\2.1.10.RELEASE\spring-boot-starter-aop-2.1.10.RELEASE.jar;D:\MavenRepo\org\aspectj\aspectjweaver\1.9.4\aspectjweaver-1.9.4.jar;D:\MavenRepo\org\springframework\cloud\spring-cloud-netflix-eureka-client\2.1.3.RELEASE\spring-cloud-netflix-eureka-client-2.1.3.RELEASE.jar;D:\MavenRepo\com\netflix\eureka\eureka-client\1.9.13\eureka-client-1.9.13.jar;D:\MavenRepo\org\codehaus\jettison\jettison\1.3.7\jettison-1.3.7.jar;D:\MavenRepo\stax\stax-api\1.0.1\stax-api-1.0.1.jar;D:\MavenRepo\com\netflix\netflix-commons\netflix-eventbus\0.3.0\netflix-eventbus-0.3.0.jar;D:\MavenRepo\com\netflix\netflix-commons\netflix-infix\0.3.0\netflix-infix-0.3.0.jar;D:\MavenRepo\commons-jxpath\commons-jxpath\1.3\commons-jxpath-1.3.jar;D:\MavenRepo\joda-time\joda-time\2.10.5\joda-time-2.10.5.jar;D:\MavenRepo\org\antlr\antlr-runtime\3.4\antlr-runtime-3.4.jar;D:\MavenRepo\org\antlr\stringtemplate\3.2.1\stringtemplate-3.2.1.jar;D:\MavenRepo\antlr\antlr\2.7.7\antlr-2.7.7.jar;D:\MavenRepo\com\google\code\gson\gson\2.8.6\gson-2.8.6.jar;D:\MavenRepo\org\apache\commons\commons-math\2.2\commons-math-2.2.jar;D:\MavenRepo\javax\ws\rs\jsr311-api\1.1.1\jsr311-api-1.1.1.jar;D:\MavenRepo\com\netflix\servo\servo-core\0.12.21\servo-core-0.12.21.jar;D:\MavenRepo\com\sun\jersey\jersey-core\1.19.1\jersey-core-1.19.1.jar;D:\MavenRepo\com\sun\jersey\jersey-client\1.19.1\jersey-client-1.19.1.jar;D:\MavenRepo\com\sun\jersey\contribs\jersey-apache-client4\1.19.1\jersey-apache-client4-1.19.1.jar;D:\MavenRepo\com\google\inject\guice\4.1.0\guice-4.1.0.jar;D:\MavenRepo\javax\inject\javax.inject\1\javax.inject-1.jar;D:\MavenRepo\aopalliance\aopalliance\1.0\aopalliance-1.0.jar;D:\MavenRepo\com\netflix\eureka\eureka-core\1.9.13\eureka-core-1.9.13.jar;D:\MavenRepo\com\fasterxml\woodstox\woodstox-core\5.0.3\woodstox-core-5.0.3.jar;D:\MavenRepo\org\codehaus\woodstox\stax2-api\3.1.4\stax2-api-3.1.4.jar;D:\MavenRepo\org\springframework\cloud\spring-cloud-starter-netflix-ribbon\2.1.3.RELEASE\spring-cloud-starter-netflix-ribbon-2.1.3.RELEASE.jar;D:\MavenRepo\com\netflix\ribbon\ribbon\2.3.0\ribbon-2.3.0.jar;D:\MavenRepo\com\netflix\ribbon\ribbon-transport\2.3.0\ribbon-transport-2.3.0.jar;D:\MavenRepo\io\reactivex\rxnetty-contexts\0.4.9\rxnetty-contexts-0.4.9.jar;D:\MavenRepo\io\reactivex\rxnetty-servo\0.4.9\rxnetty-servo-0.4.9.jar;D:\MavenRepo\com\netflix\hystrix\hystrix-core\1.5.18\hystrix-core-1.5.18.jar;D:\MavenRepo\org\hdrhistogram\HdrHistogram\2.1.9\HdrHistogram-2.1.9.jar;D:\MavenRepo\io\reactivex\rxnetty\0.4.9\rxnetty-0.4.9.jar;D:\MavenRepo\com\netflix\ribbon\ribbon-core\2.3.0\ribbon-core-2.3.0.jar;D:\MavenRepo\com\netflix\ribbon\ribbon-httpclient\2.3.0\ribbon-httpclient-2.3.0.jar;D:\MavenRepo\commons-collections\commons-collections\3.2.2\commons-collections-3.2.2.jar;D:\MavenRepo\com\netflix\netflix-commons\netflix-commons-util\0.3.0\netflix-commons-util-0.3.0.jar;D:\MavenRepo\com\netflix\ribbon\ribbon-loadbalancer\2.3.0\ribbon-loadbalancer-2.3.0.jar;D:\MavenRepo\com\netflix\netflix-commons\netflix-statistics\0.1.1\netflix-statistics-0.1.1.jar;D:\MavenRepo\com\netflix\ribbon\ribbon-eureka\2.3.0\ribbon-eureka-2.3.0.jar;D:\MavenRepo\com\thoughtworks\xstream\xstream\1.4.11.1\xstream-1.4.11.1.jar;D:\MavenRepo\xmlpull\xmlpull\1.1.3.1\xmlpull-1.1.3.1.jar;D:\MavenRepo\xpp3\xpp3_min\1.1.4c\xpp3_min-1.1.4c.jar;D:\MavenRepo\org\springframework\cloud\spring-cloud-commons\2.1.3.RELEASE\spring-cloud-commons-2.1.3.RELEASE.jar;D:\MavenRepo\org\springframework\security\spring-security-crypto\5.1.7.RELEASE\spring-security-crypto-5.1.7.RELEASE.jar;D:\MavenRepo\org\springframework\cloud\spring-cloud-starter-netflix-archaius\2.1.3.RELEASE\spring-cloud-starter-netflix-archaius-2.1.3.RELEASE.jar;D:\MavenRepo\org\springframework\cloud\spring-cloud-netflix-ribbon\2.1.3.RELEASE\spring-cloud-netflix-ribbon-2.1.3.RELEASE.jar;D:\MavenRepo\org\springframework\cloud\spring-cloud-netflix-archaius\2.1.3.RELEASE\spring-cloud-netflix-archaius-2.1.3.RELEASE.jar;D:\MavenRepo\com\netflix\archaius\archaius-core\0.7.6\archaius-core-0.7.6.jar;D:\MavenRepo\com\google\code\findbugs\jsr305\3.0.1\jsr305-3.0.1.jar;D:\MavenRepo\com\google\guava\guava\16.0\guava-16.0.jar;D:\MavenRepo\commons-configuration\commons-configuration\1.8\commons-configuration-1.8.jar;D:\MavenRepo\commons-lang\commons-lang\2.6\commons-lang-2.6.jar;D:\MavenRepo\org\springframework\cloud\spring-cloud-netflix-turbine-stream\2.1.3.RELEASE\spring-cloud-netflix-turbine-stream-2.1.3.RELEASE.jar;D:\MavenRepo\org\springframework\boot\spring-boot-starter-webflux\2.1.10.RELEASE\spring-boot-starter-webflux-2.1.10.RELEASE.jar;D:\MavenRepo\org\springframework\boot\spring-boot-starter-json\2.1.10.RELEASE\spring-boot-starter-json-2.1.10.RELEASE.jar;D:\MavenRepo\com\fasterxml\jackson\datatype\jackson-datatype-jdk8\2.9.10\jackson-datatype-jdk8-2.9.10.jar;D:\MavenRepo\com\fasterxml\jackson\datatype\jackson-datatype-jsr310\2.9.10\jackson-datatype-jsr310-2.9.10.jar;D:\MavenRepo\com\fasterxml\jackson\module\jackson-module-parameter-names\2.9.10\jackson-module-parameter-names-2.9.10.jar;D:\MavenRepo\org\springframework\boot\spring-boot-starter-reactor-netty\2.1.10.RELEASE\spring-boot-starter-reactor-netty-2.1.10.RELEASE.jar;D:\MavenRepo\io\projectreactor\netty\reactor-netty\0.8.13.RELEASE\reactor-netty-0.8.13.RELEASE.jar;D:\MavenRepo\io\netty\netty-codec-http2\4.1.43.Final\netty-codec-http2-4.1.43.Final.jar;D:\MavenRepo\io\netty\netty-handler-proxy\4.1.43.Final\netty-handler-proxy-4.1.43.Final.jar;D:\MavenRepo\io\netty\netty-codec-socks\4.1.43.Final\netty-codec-socks-4.1.43.Final.jar;D:\MavenRepo\io\netty\netty-transport-native-epoll\4.1.43.Final\netty-transport-native-epoll-4.1.43.Final-linux-x86_64.jar;D:\MavenRepo\org\glassfish\javax.el\3.0.0\javax.el-3.0.0.jar;D:\MavenRepo\org\hibernate\validator\hibernate-validator\6.0.18.Final\hibernate-validator-6.0.18.Final.jar;D:\MavenRepo\javax\validation\validation-api\2.0.1.Final\validation-api-2.0.1.Final.jar;D:\MavenRepo\org\jboss\logging\jboss-logging\3.3.3.Final\jboss-logging-3.3.3.Final.jar;D:\MavenRepo\com\fasterxml\classmate\1.4.0\classmate-1.4.0.jar;D:\MavenRepo\org\springframework\spring-webflux\5.1.11.RELEASE\spring-webflux-5.1.11.RELEASE.jar;D:\MavenRepo\org\synchronoss\cloud\nio-multipart-parser\1.1.0\nio-multipart-parser-1.1.0.jar;D:\MavenRepo\org\synchronoss\cloud\nio-stream-storage\1.1.3\nio-stream-storage-1.1.3.jar;D:\MavenRepo\io\reactivex\rxjava-reactive-streams\1.2.1\rxjava-reactive-streams-1.2.1.jar;D:\MavenRepo\org\reactivestreams\reactive-streams\1.0.3\reactive-streams-1.0.3.jar;D:\MavenRepo\org\springframework\cloud\spring-cloud-stream\2.1.4.RELEASE\spring-cloud-stream-2.1.4.RELEASE.jar;D:\MavenRepo\org\springframework\boot\spring-boot-starter-validation\2.1.10.RELEASE\spring-boot-starter-validation-2.1.10.RELEASE.jar;D:\MavenRepo\org\springframework\spring-tuple\1.0.0.RELEASE\spring-tuple-1.0.0.RELEASE.jar;D:\MavenRepo\com\esotericsoftware\kryo-shaded\3.0.3\kryo-shaded-3.0.3.jar;D:\MavenRepo\com\esotericsoftware\minlog\1.3.0\minlog-1.3.0.jar;D:\MavenRepo\org\springframework\integration\spring-integration-tuple\1.0.0.RELEASE\spring-integration-tuple-1.0.0.RELEASE.jar;D:\MavenRepo\org\springframework\retry\spring-retry\1.2.4.RELEASE\spring-retry-1.2.4.RELEASE.jar;D:\MavenRepo\org\springframework\cloud\spring-cloud-function-context\2.0.2.RELEASE\spring-cloud-function-context-2.0.2.RELEASE.jar;D:\MavenRepo\org\springframework\cloud\spring-cloud-function-core\2.0.2.RELEASE\spring-cloud-function-core-2.0.2.RELEASE.jar;D:\MavenRepo\com\fasterxml\jackson\core\jackson-databind\2.9.10.1\jackson-databind-2.9.10.1.jar;D:\MavenRepo\com\fasterxml\jackson\core\jackson-annotations\2.9.10\jackson-annotations-2.9.10.jar;D:\MavenRepo\com\fasterxml\jackson\core\jackson-core\2.9.10\jackson-core-2.9.10.jar;D:\MavenRepo\com\netflix\turbine\turbine-core\2.0.0-DP.2\turbine-core-2.0.0-DP.2.jar;D:\MavenRepo\net\sf\jopt-simple\jopt-simple\4.8\jopt-simple-4.8.jar;D:\MavenRepo\com\netflix\rxnetty\rx-netty\0.3.18\rx-netty-0.3.18.jar;D:\MavenRepo\io\netty\netty-codec-http\4.1.43.Final\netty-codec-http-4.1.43.Final.jar;D:\MavenRepo\io\netty\netty-common\4.1.43.Final\netty-common-4.1.43.Final.jar;D:\MavenRepo\io\netty\netty-buffer\4.1.43.Final\netty-buffer-4.1.43.Final.jar;D:\MavenRepo\io\netty\netty-transport\4.1.43.Final\netty-transport-4.1.43.Final.jar;D:\MavenRepo\io\netty\netty-resolver\4.1.43.Final\netty-resolver-4.1.43.Final.jar;D:\MavenRepo\io\netty\netty-codec\4.1.43.Final\netty-codec-4.1.43.Final.jar;D:\MavenRepo\io\netty\netty-handler\4.1.43.Final\netty-handler-4.1.43.Final.jar;D:\MavenRepo\io\netty\netty-transport-native-epoll\4.1.43.Final\netty-transport-native-epoll-4.1.43.Final.jar;D:\MavenRepo\io\netty\netty-transport-native-unix-common\4.1.43.Final\netty-transport-native-unix-common-4.1.43.Final.jar;D:\MavenRepo\org\codehaus\jackson\jackson-mapper-asl\1.9.2\jackson-mapper-asl-1.9.2.jar;D:\MavenRepo\org\codehaus\jackson\jackson-core-asl\1.9.2\jackson-core-asl-1.9.2.jar;D:\MavenRepo\io\reactivex\rxjava\1.3.8\rxjava-1.3.8.jar;D:\MavenRepo\org\apache\tomcat\embed\tomcat-embed-el\9.0.27\tomcat-embed-el-9.0.27.jar;D:\MavenRepo\org\springframework\cloud\spring-cloud-stream-binder-rabbit\2.1.4.RELEASE\spring-cloud-stream-binder-rabbit-2.1.4.RELEASE.jar;D:\MavenRepo\org\springframework\cloud\spring-cloud-stream-binder-rabbit-core\2.1.4.RELEASE\spring-cloud-stream-binder-rabbit-core-2.1.4.RELEASE.jar;D:\MavenRepo\org\springframework\spring-web\5.1.11.RELEASE\spring-web-5.1.11.RELEASE.jar;D:\MavenRepo\com\rabbitmq\http-client\2.1.0.RELEASE\http-client-2.1.0.RELEASE.jar;D:\MavenRepo\org\springframework\integration\spring-integration-amqp\5.1.9.RELEASE\spring-integration-amqp-5.1.9.RELEASE.jar;D:\MavenRepo\org\springframework\integration\spring-integration-core\5.1.9.RELEASE\spring-integration-core-5.1.9.RELEASE.jar;D:\MavenRepo\org\springframework\spring-aop\5.1.11.RELEASE\spring-aop-5.1.11.RELEASE.jar;D:\MavenRepo\io\projectreactor\reactor-core\3.2.12.RELEASE\reactor-core-3.2.12.RELEASE.jar;D:\MavenRepo\org\springframework\integration\spring-integration-jmx\5.1.9.RELEASE\spring-integration-jmx-5.1.9.RELEASE.jar;D:\MavenRepo\org\apache\httpcomponents\httpclient\4.5.10\httpclient-4.5.10.jar;D:\MavenRepo\org\apache\httpcomponents\httpcore\4.4.12\httpcore-4.4.12.jar;D:\MavenRepo\commons-codec\commons-codec\1.11\commons-codec-1.11.jar;D:\MavenRepo\org\springframework\boot\spring-boot-starter-test\2.1.10.RELEASE\spring-boot-starter-test-2.1.10.RELEASE.jar;D:\MavenRepo\org\springframework\boot\spring-boot-test\2.1.10.RELEASE\spring-boot-test-2.1.10.RELEASE.jar;D:\MavenRepo\org\springframework\boot\spring-boot-test-autoconfigure\2.1.10.RELEASE\spring-boot-test-autoconfigure-2.1.10.RELEASE.jar;D:\MavenRepo\com\jayway\jsonpath\json-path\2.4.0\json-path-2.4.0.jar;D:\MavenRepo\net\minidev\json-smart\2.3\json-smart-2.3.jar;D:\MavenRepo\net\minidev\accessors-smart\1.2\accessors-smart-1.2.jar;D:\MavenRepo\org\ow2\asm\asm\5.0.4\asm-5.0.4.jar;D:\MavenRepo\org\slf4j\slf4j-api\1.7.29\slf4j-api-1.7.29.jar;D:\MavenRepo\junit\junit\4.12\junit-4.12.jar;D:\MavenRepo\org\assertj\assertj-core\3.11.1\assertj-core-3.11.1.jar;D:\MavenRepo\org\mockito\mockito-core\2.23.4\mockito-core-2.23.4.jar;D:\MavenRepo\net\bytebuddy\byte-buddy\1.9.16\byte-buddy-1.9.16.jar;D:\MavenRepo\net\bytebuddy\byte-buddy-agent\1.9.16\byte-buddy-agent-1.9.16.jar;D:\MavenRepo\org\objenesis\objenesis\2.6\objenesis-2.6.jar;D:\MavenRepo\org\hamcrest\hamcrest-core\1.3\hamcrest-core-1.3.jar;D:\MavenRepo\org\hamcrest\hamcrest-library\1.3\hamcrest-library-1.3.jar;D:\MavenRepo\org\skyscreamer\jsonassert\1.5.0\jsonassert-1.5.0.jar;D:\MavenRepo\com\vaadin\external\google\android-json\0.0.20131108.vaadin1\android-json-0.0.20131108.vaadin1.jar;D:\MavenRepo\org\springframework\spring-core\5.1.11.RELEASE\spring-core-5.1.11.RELEASE.jar;D:\MavenRepo\org\springframework\spring-jcl\5.1.11.RELEASE\spring-jcl-5.1.11.RELEASE.jar;D:\MavenRepo\org\springframework\spring-test\5.1.11.RELEASE\spring-test-5.1.11.RELEASE.jar;D:\MavenRepo\org\xmlunit\xmlunit-core\2.6.3\xmlunit-core-2.6.3.jar;D:\MavenRepo\org\springframework\amqp\spring-rabbit-test\2.1.12.RELEASE\spring-rabbit-test-2.1.12.RELEASE.jar;D:\MavenRepo\org\hamcrest\hamcrest-all\1.3\hamcrest-all-1.3.jar;"/>
    <property name="java.vm.vendor" value="Oracle Corporation"/>
    <property name="sun.arch.data.model" value="64"/>
    <property name="user.variant" value=""/>
    <property name="java.vendor.url" value="http://java.oracle.com/"/>
    <property name="user.timezone" value="Asia/Shanghai"/>
    <property name="java.vm.specification.version" value="1.8"/>
    <property name="os.name" value="Windows 10"/>
    <property name="user.country" value="CN"/>
    <property name="sun.java.launcher" value="SUN_STANDARD"/>
    <property name="sun.boot.library.path" value="C:\Program Files\Java\jdk1.8.0_221\jre\bin"/>
    <property name="sun.java.command" value="C:\Users\love\AppData\Local\Temp\surefire6369867434982081791\surefirebooter5397927172486975978.jar C:\Users\love\AppData\Local\Temp\surefire6369867434982081791 2020-01-13T21-51-42_370-jvmRun1 surefire6569464621088053381tmp surefire_0111213203143842995tmp"/>
    <property name="surefire.test.class.path" value="D:\Code\spring-cloud-microservice\microservice-consumer-movie-feign-hystrix-turbine-mq\target\test-classes;D:\Code\spring-cloud-microservice\microservice-consumer-movie-feign-hystrix-turbine-mq\target\classes;D:\MavenRepo\org\springframework\boot\spring-boot-starter-amqp\2.1.10.RELEASE\spring-boot-starter-amqp-2.1.10.RELEASE.jar;D:\MavenRepo\org\springframework\boot\spring-boot-starter\2.1.10.RELEASE\spring-boot-starter-2.1.10.RELEASE.jar;D:\MavenRepo\org\springframework\boot\spring-boot\2.1.10.RELEASE\spring-boot-2.1.10.RELEASE.jar;D:\MavenRepo\org\springframework\boot\spring-boot-autoconfigure\2.1.10.RELEASE\spring-boot-autoconfigure-2.1.10.RELEASE.jar;D:\MavenRepo\org\springframework\boot\spring-boot-starter-logging\2.1.10.RELEASE\spring-boot-starter-logging-2.1.10.RELEASE.jar;D:\MavenRepo\ch\qos\logback\logback-classic\1.2.3\logback-classic-1.2.3.jar;D:\MavenRepo\ch\qos\logback\logback-core\1.2.3\logback-core-1.2.3.jar;D:\MavenRepo\org\apache\logging\log4j\log4j-to-slf4j\2.11.2\log4j-to-slf4j-2.11.2.jar;D:\MavenRepo\org\apache\logging\log4j\log4j-api\2.11.2\log4j-api-2.11.2.jar;D:\MavenRepo\org\slf4j\jul-to-slf4j\1.7.29\jul-to-slf4j-1.7.29.jar;D:\MavenRepo\javax\annotation\javax.annotation-api\1.3.2\javax.annotation-api-1.3.2.jar;D:\MavenRepo\org\yaml\snakeyaml\1.23\snakeyaml-1.23.jar;D:\MavenRepo\org\springframework\spring-messaging\5.1.11.RELEASE\spring-messaging-5.1.11.RELEASE.jar;D:\MavenRepo\org\springframework\spring-beans\5.1.11.RELEASE\spring-beans-5.1.11.RELEASE.jar;D:\MavenRepo\org\springframework\amqp\spring-rabbit\2.1.12.RELEASE\spring-rabbit-2.1.12.RELEASE.jar;D:\MavenRepo\com\rabbitmq\amqp-client\5.4.3\amqp-client-5.4.3.jar;D:\MavenRepo\org\springframework\amqp\spring-amqp\2.1.12.RELEASE\spring-amqp-2.1.12.RELEASE.jar;D:\MavenRepo\org\springframework\spring-context\5.1.11.RELEASE\spring-context-5.1.11.RELEASE.jar;D:\MavenRepo\org\springframework\spring-expression\5.1.11.RELEASE\spring-expression-5.1.11.RELEASE.jar;D:\MavenRepo\org\springframework\spring-tx\5.1.11.RELEASE\spring-tx-5.1.11.RELEASE.jar;D:\MavenRepo\org\springframework\cloud\spring-cloud-starter-netflix-turbine-stream\2.1.3.RELEASE\spring-cloud-starter-netflix-turbine-stream-2.1.3.RELEASE.jar;D:\MavenRepo\org\springframework\cloud\spring-cloud-starter-netflix-eureka-client\2.1.3.RELEASE\spring-cloud-starter-netflix-eureka-client-2.1.3.RELEASE.jar;D:\MavenRepo\org\springframework\cloud\spring-cloud-starter\2.1.3.RELEASE\spring-cloud-starter-2.1.3.RELEASE.jar;D:\MavenRepo\org\springframework\cloud\spring-cloud-context\2.1.3.RELEASE\spring-cloud-context-2.1.3.RELEASE.jar;D:\MavenRepo\org\springframework\security\spring-security-rsa\1.0.7.RELEASE\spring-security-rsa-1.0.7.RELEASE.jar;D:\MavenRepo\org\bouncycastle\bcpkix-jdk15on\1.60\bcpkix-jdk15on-1.60.jar;D:\MavenRepo\org\bouncycastle\bcprov-jdk15on\1.60\bcprov-jdk15on-1.60.jar;D:\MavenRepo\org\springframework\cloud\spring-cloud-netflix-hystrix\2.1.3.RELEASE\spring-cloud-netflix-hystrix-2.1.3.RELEASE.jar;D:\MavenRepo\org\springframework\boot\spring-boot-starter-aop\2.1.10.RELEASE\spring-boot-starter-aop-2.1.10.RELEASE.jar;D:\MavenRepo\org\aspectj\aspectjweaver\1.9.4\aspectjweaver-1.9.4.jar;D:\MavenRepo\org\springframework\cloud\spring-cloud-netflix-eureka-client\2.1.3.RELEASE\spring-cloud-netflix-eureka-client-2.1.3.RELEASE.jar;D:\MavenRepo\com\netflix\eureka\eureka-client\1.9.13\eureka-client-1.9.13.jar;D:\MavenRepo\org\codehaus\jettison\jettison\1.3.7\jettison-1.3.7.jar;D:\MavenRepo\stax\stax-api\1.0.1\stax-api-1.0.1.jar;D:\MavenRepo\com\netflix\netflix-commons\netflix-eventbus\0.3.0\netflix-eventbus-0.3.0.jar;D:\MavenRepo\com\netflix\netflix-commons\netflix-infix\0.3.0\netflix-infix-0.3.0.jar;D:\MavenRepo\commons-jxpath\commons-jxpath\1.3\commons-jxpath-1.3.jar;D:\MavenRepo\joda-time\joda-time\2.10.5\joda-time-2.10.5.jar;D:\MavenRepo\org\antlr\antlr-runtime\3.4\antlr-runtime-3.4.jar;D:\MavenRepo\org\antlr\stringtemplate\3.2.1\stringtemplate-3.2.1.jar;D:\MavenRepo\antlr\antlr\2.7.7\antlr-2.7.7.jar;D:\MavenRepo\com\google\code\gson\gson\2.8.6\gson-2.8.6.jar;D:\MavenRepo\org\apache\commons\commons-math\2.2\commons-math-2.2.jar;D:\MavenRepo\javax\ws\rs\jsr311-api\1.1.1\jsr311-api-1.1.1.jar;D:\MavenRepo\com\netflix\servo\servo-core\0.12.21\servo-core-0.12.21.jar;D:\MavenRepo\com\sun\jersey\jersey-core\1.19.1\jersey-core-1.19.1.jar;D:\MavenRepo\com\sun\jersey\jersey-client\1.19.1\jersey-client-1.19.1.jar;D:\MavenRepo\com\sun\jersey\contribs\jersey-apache-client4\1.19.1\jersey-apache-client4-1.19.1.jar;D:\MavenRepo\com\google\inject\guice\4.1.0\guice-4.1.0.jar;D:\MavenRepo\javax\inject\javax.inject\1\javax.inject-1.jar;D:\MavenRepo\aopalliance\aopalliance\1.0\aopalliance-1.0.jar;D:\MavenRepo\com\netflix\eureka\eureka-core\1.9.13\eureka-core-1.9.13.jar;D:\MavenRepo\com\fasterxml\woodstox\woodstox-core\5.0.3\woodstox-core-5.0.3.jar;D:\MavenRepo\org\codehaus\woodstox\stax2-api\3.1.4\stax2-api-3.1.4.jar;D:\MavenRepo\org\springframework\cloud\spring-cloud-starter-netflix-ribbon\2.1.3.RELEASE\spring-cloud-starter-netflix-ribbon-2.1.3.RELEASE.jar;D:\MavenRepo\com\netflix\ribbon\ribbon\2.3.0\ribbon-2.3.0.jar;D:\MavenRepo\com\netflix\ribbon\ribbon-transport\2.3.0\ribbon-transport-2.3.0.jar;D:\MavenRepo\io\reactivex\rxnetty-contexts\0.4.9\rxnetty-contexts-0.4.9.jar;D:\MavenRepo\io\reactivex\rxnetty-servo\0.4.9\rxnetty-servo-0.4.9.jar;D:\MavenRepo\com\netflix\hystrix\hystrix-core\1.5.18\hystrix-core-1.5.18.jar;D:\MavenRepo\org\hdrhistogram\HdrHistogram\2.1.9\HdrHistogram-2.1.9.jar;D:\MavenRepo\io\reactivex\rxnetty\0.4.9\rxnetty-0.4.9.jar;D:\MavenRepo\com\netflix\ribbon\ribbon-core\2.3.0\ribbon-core-2.3.0.jar;D:\MavenRepo\com\netflix\ribbon\ribbon-httpclient\2.3.0\ribbon-httpclient-2.3.0.jar;D:\MavenRepo\commons-collections\commons-collections\3.2.2\commons-collections-3.2.2.jar;D:\MavenRepo\com\netflix\netflix-commons\netflix-commons-util\0.3.0\netflix-commons-util-0.3.0.jar;D:\MavenRepo\com\netflix\ribbon\ribbon-loadbalancer\2.3.0\ribbon-loadbalancer-2.3.0.jar;D:\MavenRepo\com\netflix\netflix-commons\netflix-statistics\0.1.1\netflix-statistics-0.1.1.jar;D:\MavenRepo\com\netflix\ribbon\ribbon-eureka\2.3.0\ribbon-eureka-2.3.0.jar;D:\MavenRepo\com\thoughtworks\xstream\xstream\1.4.11.1\xstream-1.4.11.1.jar;D:\MavenRepo\xmlpull\xmlpull\1.1.3.1\xmlpull-1.1.3.1.jar;D:\MavenRepo\xpp3\xpp3_min\1.1.4c\xpp3_min-1.1.4c.jar;D:\MavenRepo\org\springframework\cloud\spring-cloud-commons\2.1.3.RELEASE\spring-cloud-commons-2.1.3.RELEASE.jar;D:\MavenRepo\org\springframework\security\spring-security-crypto\5.1.7.RELEASE\spring-security-crypto-5.1.7.RELEASE.jar;D:\MavenRepo\org\springframework\cloud\spring-cloud-starter-netflix-archaius\2.1.3.RELEASE\spring-cloud-starter-netflix-archaius-2.1.3.RELEASE.jar;D:\MavenRepo\org\springframework\cloud\spring-cloud-netflix-ribbon\2.1.3.RELEASE\spring-cloud-netflix-ribbon-2.1.3.RELEASE.jar;D:\MavenRepo\org\springframework\cloud\spring-cloud-netflix-archaius\2.1.3.RELEASE\spring-cloud-netflix-archaius-2.1.3.RELEASE.jar;D:\MavenRepo\com\netflix\archaius\archaius-core\0.7.6\archaius-core-0.7.6.jar;D:\MavenRepo\com\google\code\findbugs\jsr305\3.0.1\jsr305-3.0.1.jar;D:\MavenRepo\com\google\guava\guava\16.0\guava-16.0.jar;D:\MavenRepo\commons-configuration\commons-configuration\1.8\commons-configuration-1.8.jar;D:\MavenRepo\commons-lang\commons-lang\2.6\commons-lang-2.6.jar;D:\MavenRepo\org\springframework\cloud\spring-cloud-netflix-turbine-stream\2.1.3.RELEASE\spring-cloud-netflix-turbine-stream-2.1.3.RELEASE.jar;D:\MavenRepo\org\springframework\boot\spring-boot-starter-webflux\2.1.10.RELEASE\spring-boot-starter-webflux-2.1.10.RELEASE.jar;D:\MavenRepo\org\springframework\boot\spring-boot-starter-json\2.1.10.RELEASE\spring-boot-starter-json-2.1.10.RELEASE.jar;D:\MavenRepo\com\fasterxml\jackson\datatype\jackson-datatype-jdk8\2.9.10\jackson-datatype-jdk8-2.9.10.jar;D:\MavenRepo\com\fasterxml\jackson\datatype\jackson-datatype-jsr310\2.9.10\jackson-datatype-jsr310-2.9.10.jar;D:\MavenRepo\com\fasterxml\jackson\module\jackson-module-parameter-names\2.9.10\jackson-module-parameter-names-2.9.10.jar;D:\MavenRepo\org\springframework\boot\spring-boot-starter-reactor-netty\2.1.10.RELEASE\spring-boot-starter-reactor-netty-2.1.10.RELEASE.jar;D:\MavenRepo\io\projectreactor\netty\reactor-netty\0.8.13.RELEASE\reactor-netty-0.8.13.RELEASE.jar;D:\MavenRepo\io\netty\netty-codec-http2\4.1.43.Final\netty-codec-http2-4.1.43.Final.jar;D:\MavenRepo\io\netty\netty-handler-proxy\4.1.43.Final\netty-handler-proxy-4.1.43.Final.jar;D:\MavenRepo\io\netty\netty-codec-socks\4.1.43.Final\netty-codec-socks-4.1.43.Final.jar;D:\MavenRepo\io\netty\netty-transport-native-epoll\4.1.43.Final\netty-transport-native-epoll-4.1.43.Final-linux-x86_64.jar;D:\MavenRepo\org\glassfish\javax.el\3.0.0\javax.el-3.0.0.jar;D:\MavenRepo\org\hibernate\validator\hibernate-validator\6.0.18.Final\hibernate-validator-6.0.18.Final.jar;D:\MavenRepo\javax\validation\validation-api\2.0.1.Final\validation-api-2.0.1.Final.jar;D:\MavenRepo\org\jboss\logging\jboss-logging\3.3.3.Final\jboss-logging-3.3.3.Final.jar;D:\MavenRepo\com\fasterxml\classmate\1.4.0\classmate-1.4.0.jar;D:\MavenRepo\org\springframework\spring-webflux\5.1.11.RELEASE\spring-webflux-5.1.11.RELEASE.jar;D:\MavenRepo\org\synchronoss\cloud\nio-multipart-parser\1.1.0\nio-multipart-parser-1.1.0.jar;D:\MavenRepo\org\synchronoss\cloud\nio-stream-storage\1.1.3\nio-stream-storage-1.1.3.jar;D:\MavenRepo\io\reactivex\rxjava-reactive-streams\1.2.1\rxjava-reactive-streams-1.2.1.jar;D:\MavenRepo\org\reactivestreams\reactive-streams\1.0.3\reactive-streams-1.0.3.jar;D:\MavenRepo\org\springframework\cloud\spring-cloud-stream\2.1.4.RELEASE\spring-cloud-stream-2.1.4.RELEASE.jar;D:\MavenRepo\org\springframework\boot\spring-boot-starter-validation\2.1.10.RELEASE\spring-boot-starter-validation-2.1.10.RELEASE.jar;D:\MavenRepo\org\springframework\spring-tuple\1.0.0.RELEASE\spring-tuple-1.0.0.RELEASE.jar;D:\MavenRepo\com\esotericsoftware\kryo-shaded\3.0.3\kryo-shaded-3.0.3.jar;D:\MavenRepo\com\esotericsoftware\minlog\1.3.0\minlog-1.3.0.jar;D:\MavenRepo\org\springframework\integration\spring-integration-tuple\1.0.0.RELEASE\spring-integration-tuple-1.0.0.RELEASE.jar;D:\MavenRepo\org\springframework\retry\spring-retry\1.2.4.RELEASE\spring-retry-1.2.4.RELEASE.jar;D:\MavenRepo\org\springframework\cloud\spring-cloud-function-context\2.0.2.RELEASE\spring-cloud-function-context-2.0.2.RELEASE.jar;D:\MavenRepo\org\springframework\cloud\spring-cloud-function-core\2.0.2.RELEASE\spring-cloud-function-core-2.0.2.RELEASE.jar;D:\MavenRepo\com\fasterxml\jackson\core\jackson-databind\2.9.10.1\jackson-databind-2.9.10.1.jar;D:\MavenRepo\com\fasterxml\jackson\core\jackson-annotations\2.9.10\jackson-annotations-2.9.10.jar;D:\MavenRepo\com\fasterxml\jackson\core\jackson-core\2.9.10\jackson-core-2.9.10.jar;D:\MavenRepo\com\netflix\turbine\turbine-core\2.0.0-DP.2\turbine-core-2.0.0-DP.2.jar;D:\MavenRepo\net\sf\jopt-simple\jopt-simple\4.8\jopt-simple-4.8.jar;D:\MavenRepo\com\netflix\rxnetty\rx-netty\0.3.18\rx-netty-0.3.18.jar;D:\MavenRepo\io\netty\netty-codec-http\4.1.43.Final\netty-codec-http-4.1.43.Final.jar;D:\MavenRepo\io\netty\netty-common\4.1.43.Final\netty-common-4.1.43.Final.jar;D:\MavenRepo\io\netty\netty-buffer\4.1.43.Final\netty-buffer-4.1.43.Final.jar;D:\MavenRepo\io\netty\netty-transport\4.1.43.Final\netty-transport-4.1.43.Final.jar;D:\MavenRepo\io\netty\netty-resolver\4.1.43.Final\netty-resolver-4.1.43.Final.jar;D:\MavenRepo\io\netty\netty-codec\4.1.43.Final\netty-codec-4.1.43.Final.jar;D:\MavenRepo\io\netty\netty-handler\4.1.43.Final\netty-handler-4.1.43.Final.jar;D:\MavenRepo\io\netty\netty-transport-native-epoll\4.1.43.Final\netty-transport-native-epoll-4.1.43.Final.jar;D:\MavenRepo\io\netty\netty-transport-native-unix-common\4.1.43.Final\netty-transport-native-unix-common-4.1.43.Final.jar;D:\MavenRepo\org\codehaus\jackson\jackson-mapper-asl\1.9.2\jackson-mapper-asl-1.9.2.jar;D:\MavenRepo\org\codehaus\jackson\jackson-core-asl\1.9.2\jackson-core-asl-1.9.2.jar;D:\MavenRepo\io\reactivex\rxjava\1.3.8\rxjava-1.3.8.jar;D:\MavenRepo\org\apache\tomcat\embed\tomcat-embed-el\9.0.27\tomcat-embed-el-9.0.27.jar;D:\MavenRepo\org\springframework\cloud\spring-cloud-stream-binder-rabbit\2.1.4.RELEASE\spring-cloud-stream-binder-rabbit-2.1.4.RELEASE.jar;D:\MavenRepo\org\springframework\cloud\spring-cloud-stream-binder-rabbit-core\2.1.4.RELEASE\spring-cloud-stream-binder-rabbit-core-2.1.4.RELEASE.jar;D:\MavenRepo\org\springframework\spring-web\5.1.11.RELEASE\spring-web-5.1.11.RELEASE.jar;D:\MavenRepo\com\rabbitmq\http-client\2.1.0.RELEASE\http-client-2.1.0.RELEASE.jar;D:\MavenRepo\org\springframework\integration\spring-integration-amqp\5.1.9.RELEASE\spring-integration-amqp-5.1.9.RELEASE.jar;D:\MavenRepo\org\springframework\integration\spring-integration-core\5.1.9.RELEASE\spring-integration-core-5.1.9.RELEASE.jar;D:\MavenRepo\org\springframework\spring-aop\5.1.11.RELEASE\spring-aop-5.1.11.RELEASE.jar;D:\MavenRepo\io\projectreactor\reactor-core\3.2.12.RELEASE\reactor-core-3.2.12.RELEASE.jar;D:\MavenRepo\org\springframework\integration\spring-integration-jmx\5.1.9.RELEASE\spring-integration-jmx-5.1.9.RELEASE.jar;D:\MavenRepo\org\apache\httpcomponents\httpclient\4.5.10\httpclient-4.5.10.jar;D:\MavenRepo\org\apache\httpcomponents\httpcore\4.4.12\httpcore-4.4.12.jar;D:\MavenRepo\commons-codec\commons-codec\1.11\commons-codec-1.11.jar;D:\MavenRepo\org\springframework\boot\spring-boot-starter-test\2.1.10.RELEASE\spring-boot-starter-test-2.1.10.RELEASE.jar;D:\MavenRepo\org\springframework\boot\spring-boot-test\2.1.10.RELEASE\spring-boot-test-2.1.10.RELEASE.jar;D:\MavenRepo\org\springframework\boot\spring-boot-test-autoconfigure\2.1.10.RELEASE\spring-boot-test-autoconfigure-2.1.10.RELEASE.jar;D:\MavenRepo\com\jayway\jsonpath\json-path\2.4.0\json-path-2.4.0.jar;D:\MavenRepo\net\minidev\json-smart\2.3\json-smart-2.3.jar;D:\MavenRepo\net\minidev\accessors-smart\1.2\accessors-smart-1.2.jar;D:\MavenRepo\org\ow2\asm\asm\5.0.4\asm-5.0.4.jar;D:\MavenRepo\org\slf4j\slf4j-api\1.7.29\slf4j-api-1.7.29.jar;D:\MavenRepo\junit\junit\4.12\junit-4.12.jar;D:\MavenRepo\org\assertj\assertj-core\3.11.1\assertj-core-3.11.1.jar;D:\MavenRepo\org\mockito\mockito-core\2.23.4\mockito-core-2.23.4.jar;D:\MavenRepo\net\bytebuddy\byte-buddy\1.9.16\byte-buddy-1.9.16.jar;D:\MavenRepo\net\bytebuddy\byte-buddy-agent\1.9.16\byte-buddy-agent-1.9.16.jar;D:\MavenRepo\org\objenesis\objenesis\2.6\objenesis-2.6.jar;D:\MavenRepo\org\hamcrest\hamcrest-core\1.3\hamcrest-core-1.3.jar;D:\MavenRepo\org\hamcrest\hamcrest-library\1.3\hamcrest-library-1.3.jar;D:\MavenRepo\org\skyscreamer\jsonassert\1.5.0\jsonassert-1.5.0.jar;D:\MavenRepo\com\vaadin\external\google\android-json\0.0.20131108.vaadin1\android-json-0.0.20131108.vaadin1.jar;D:\MavenRepo\org\springframework\spring-core\5.1.11.RELEASE\spring-core-5.1.11.RELEASE.jar;D:\MavenRepo\org\springframework\spring-jcl\5.1.11.RELEASE\spring-jcl-5.1.11.RELEASE.jar;D:\MavenRepo\org\springframework\spring-test\5.1.11.RELEASE\spring-test-5.1.11.RELEASE.jar;D:\MavenRepo\org\xmlunit\xmlunit-core\2.6.3\xmlunit-core-2.6.3.jar;D:\MavenRepo\org\springframework\amqp\spring-rabbit-test\2.1.12.RELEASE\spring-rabbit-test-2.1.12.RELEASE.jar;D:\MavenRepo\org\hamcrest\hamcrest-all\1.3\hamcrest-all-1.3.jar;"/>
    <property name="sun.cpu.endian" value="little"/>
    <property name="user.home" value="C:\Users\love"/>
    <property name="user.language" value="zh"/>
    <property name="java.specification.vendor" value="Oracle Corporation"/>
    <property name="java.home" value="C:\Program Files\Java\jdk1.8.0_221\jre"/>
    <property name="basedir" value="D:\Code\spring-cloud-microservice\microservice-consumer-movie-feign-hystrix-turbine-mq"/>
    <property name="file.separator" value="\"/>
    <property name="line.separator" value="&#10;"/>
    <property name="java.vm.specification.vendor" value="Oracle Corporation"/>
    <property name="java.specification.name" value="Java Platform API Specification"/>
    <property name="java.awt.graphicsenv" value="sun.awt.Win32GraphicsEnvironment"/>
    <property name="surefire.real.class.path" value="C:\Users\love\AppData\Local\Temp\surefire6369867434982081791\surefirebooter5397927172486975978.jar"/>
    <property name="sun.boot.class.path" value="C:\Program Files\Java\jdk1.8.0_221\jre\lib\resources.jar;C:\Program Files\Java\jdk1.8.0_221\jre\lib\rt.jar;C:\Program Files\Java\jdk1.8.0_221\jre\lib\sunrsasign.jar;C:\Program Files\Java\jdk1.8.0_221\jre\lib\jsse.jar;C:\Program Files\Java\jdk1.8.0_221\jre\lib\jce.jar;C:\Program Files\Java\jdk1.8.0_221\jre\lib\charsets.jar;C:\Program Files\Java\jdk1.8.0_221\jre\lib\jfr.jar;C:\Program Files\Java\jdk1.8.0_221\jre\classes"/>
    <property name="user.script" value=""/>
    <property name="sun.management.compiler" value="HotSpot 64-Bit Tiered Compilers"/>
    <property name="java.runtime.version" value="1.8.0_221-b11"/>
    <property name="user.name" value="love"/>
    <property name="path.separator" value=";"/>
    <property name="os.version" value="10.0"/>
    <property name="java.endorsed.dirs" value="C:\Program Files\Java\jdk1.8.0_221\jre\lib\endorsed"/>
    <property name="java.runtime.name" value="Java(TM) SE Runtime Environment"/>
    <property name="file.encoding" value="GBK"/>
    <property name="java.vm.name" value="Java HotSpot(TM) 64-Bit Server VM"/>
    <property name="localRepository" value="D:\MavenRepo"/>
    <property name="java.vendor.url.bug" value="http://bugreport.sun.com/bugreport/"/>
    <property name="java.io.tmpdir" value="C:\Users\love\AppData\Local\Temp\"/>
    <property name="java.version" value="1.8.0_221"/>
    <property name="user.dir" value="D:\Code\spring-cloud-microservice\microservice-consumer-movie-feign-hystrix-turbine-mq"/>
    <property name="os.arch" value="amd64"/>
    <property name="java.vm.specification.name" value="Java Virtual Machine Specification"/>
    <property name="java.awt.printerjob" value="sun.awt.windows.WPrinterJob"/>
    <property name="idea.version2019.3.1" value="true"/>
    <property name="sun.os.patch.level" value=""/>
    <property name="java.library.path" value="C:\Program Files\Java\jdk1.8.0_221\jre\bin;C:\WINDOWS\Sun\Java\bin;C:\WINDOWS\system32;C:\WINDOWS;C:\Program Files (x86)\Common Files\Oracle\Java\javapath;C:\WINDOWS\system32;C:\WINDOWS;C:\WINDOWS\System32\Wbem;C:\WINDOWS\System32\WindowsPowerShell\v1.0\;D:\Git\cmd;%JAVA_HOME%\bin;C:\WINDOWS\System32\OpenSSH\;C:\Users\love\AppData\Local\Programs\Python\Python36\Scripts\;C:\Users\love\AppData\Local\Programs\Python\Python36\;C:\Program Files\Bandizip\;C:\Users\love\AppData\Local\atom\bin;C:\Program Files\Java\jdk1.8.0_221\bin;D:\IntelliJ IDEA 2019.2.3\bin;;C:\Users\love\AppData\Local\Microsoft\WindowsApps;;."/>
    <property name="java.vm.info" value="mixed mode"/>
    <property name="java.vendor" value="Oracle Corporation"/>
    <property name="java.vm.version" value="25.221-b11"/>
    <property name="java.ext.dirs" value="C:\Program Files\Java\jdk1.8.0_221\jre\lib\ext;C:\WINDOWS\Sun\Java\lib\ext"/>
    <property name="sun.io.unicode.encoding" value="UnicodeLittle"/>
    <property name="maven.repo.local" value="D:\MavenRepo"/>
    <property name="java.class.version" value="52.0"/>
  </properties>
  <testcase name="initializationError" classname="com.sugelamei.MicroserviceConsumerMovieFeignHystrixTurbineMqApplicationTests" time="0.004">
    <error message="The class com.sugelamei.MicroserviceConsumerMovieFeignHystrixTurbineMqApplicationTests is not public." type="java.lang.Exception">java.lang.Exception: The class com.sugelamei.MicroserviceConsumerMovieFeignHystrixTurbineMqApplicationTests is not public.
</error>
  </testcase>
  <testcase name="initializationError" classname="com.sugelamei.MicroserviceConsumerMovieFeignHystrixTurbineMqApplicationTests" time="0">
    <error message="Test class should have exactly one public constructor" type="java.lang.Exception">java.lang.Exception: Test class should have exactly one public constructor
</error>
  </testcase>
  <testcase name="initializationError" classname="com.sugelamei.MicroserviceConsumerMovieFeignHystrixTurbineMqApplicationTests" time="0">
    <error message="Method contextLoads() should be public" type="java.lang.Exception">java.lang.Exception: Method contextLoads() should be public
</error>
  </testcase>
</testsuite>